

Sample label: SRR2147247
Sample size: 15866

Fragment lengths:
Min.: 24.0
1st Qu.: 89.0
Mean: 139.92802218580613
Median: 120.0
3rd Qu.: 153.0
Max.: 702.0
Std: 88.75181063033943
MAD: 32.0
Len. 10%: 60.0
Len. 20%: 80.0
Len. 30%: 96.0
Len. 40%: 109.0
Len. 60%: 133.0
Len. 70%: 145.0
Len. 80%: 164.0
Len. 90%: 257.0
Len. 99%: 496.35000000000036


Read lengths:
Sample size: 15866

Min.: 22.0
1st Qu.: 85.0
Mean: 89.73616538510021
Median: 100.0
3rd Qu.: 101.0
Max.: 101.0
Std: 18.713840865206592
MAD: 1.0
Len. 10%: 57.0
Len. 20%: 77.0
Len. 30%: 93.0
Len. 40%: 99.0
Len. 60%: 101.0
Len. 70%: 101.0
Len. 80%: 101.0
Len. 90%: 101.0
Len. 99%: 101.0

