02:07:07.061 INFO  NativeLibraryLoader - Loading libgkl_compression.dylib from jar:file:/Users/tamas.schauer/miniconda3/envs/env_chipseq_pipeline/share/picard-2.27.5-0/picard.jar!/com/intel/gkl/native/libgkl_compression.dylib
[Tue Feb 28 02:07:07 CET 2023] MarkDuplicates --INPUT Output/BAM/SRR2147247.filtered.bam --OUTPUT Output/BAM/SRR2147247.removeddup.bam --METRICS_FILE logs/SRR2147247_picard.out --REMOVE_DUPLICATES true --CREATE_INDEX true --MAX_SEQUENCES_FOR_DISK_READ_ENDS_MAP 50000 --MAX_FILE_HANDLES_FOR_READ_ENDS_MAP 8000 --SORTING_COLLECTION_SIZE_RATIO 0.25 --TAG_DUPLICATE_SET_MEMBERS false --REMOVE_SEQUENCING_DUPLICATES false --TAGGING_POLICY DontTag --CLEAR_DT true --DUPLEX_UMI false --FLOW_MODE false --FLOW_QUALITY_SUM_STRATEGY false --USE_END_IN_UNPAIRED_READS false --USE_UNPAIRED_CLIPPED_END false --UNPAIRED_END_UNCERTAINTY 0 --FLOW_SKIP_FIRST_N_FLOWS 0 --FLOW_Q_IS_KNOWN_END false --FLOW_EFFECTIVE_QUALITY_THRESHOLD 15 --ADD_PG_TAG_TO_READS true --ASSUME_SORTED false --DUPLICATE_SCORING_STRATEGY SUM_OF_BASE_QUALITIES --PROGRAM_RECORD_ID MarkDuplicates --PROGRAM_GROUP_NAME MarkDuplicates --READ_NAME_REGEX <optimized capture of last three ':' separated fields as numeric values> --OPTICAL_DUPLICATE_PIXEL_DISTANCE 100 --MAX_OPTICAL_DUPLICATE_SET_SIZE 300000 --VERBOSITY INFO --QUIET false --VALIDATION_STRINGENCY STRICT --COMPRESSION_LEVEL 5 --MAX_RECORDS_IN_RAM 500000 --CREATE_MD5_FILE false --GA4GH_CLIENT_SECRETS client_secrets.json --help false --version false --showHidden false --USE_JDK_DEFLATER false --USE_JDK_INFLATER false
[Tue Feb 28 02:07:07 CET 2023] Executing as tamas.schauer@MC084999 on Mac OS X 12.6.3 x86_64; OpenJDK 64-Bit Server VM 17.0.3+7-LTS; Deflater: Intel; Inflater: Intel; Provider GCS is not available; Picard version: Version:2.27.5
INFO	2023-02-28 02:07:07	MarkDuplicates	Start of doWork freeMemory: 529930616; totalMemory: 536870912; maxMemory: 2147483648
INFO	2023-02-28 02:07:07	MarkDuplicates	Reading input file and constructing read end information.
INFO	2023-02-28 02:07:07	MarkDuplicates	Will retain up to 7780737 data points before spilling to disk.
WARNING	2023-02-28 02:07:07	AbstractOpticalDuplicateFinderCommandLineProgram	A field field parsed out of a read name was expected to contain an integer and did not. Read name: SRR2147247.4859973. Cause: String 'SRR2147247.4859973' did not start with a parsable number.
INFO	2023-02-28 02:07:10	MarkDuplicates	Read     1.000.000 records.  Elapsed time: 00:00:03s.  Time for last 1.000.000:    3s.  Last read position: 1:62.789.886
INFO	2023-02-28 02:07:10	MarkDuplicates	Tracking 0 as yet unmatched pairs. 0 records in RAM.
INFO	2023-02-28 02:07:12	MarkDuplicates	Read     2.000.000 records.  Elapsed time: 00:00:05s.  Time for last 1.000.000:    2s.  Last read position: 1:122.107.367
INFO	2023-02-28 02:07:12	MarkDuplicates	Tracking 2 as yet unmatched pairs. 2 records in RAM.
INFO	2023-02-28 02:07:15	MarkDuplicates	Read     3.000.000 records.  Elapsed time: 00:00:08s.  Time for last 1.000.000:    2s.  Last read position: 10:8.616.257
INFO	2023-02-28 02:07:15	MarkDuplicates	Tracking 0 as yet unmatched pairs. 0 records in RAM.
INFO	2023-02-28 02:07:18	MarkDuplicates	Read     4.000.000 records.  Elapsed time: 00:00:11s.  Time for last 1.000.000:    2s.  Last read position: 10:89.724.695
INFO	2023-02-28 02:07:18	MarkDuplicates	Tracking 0 as yet unmatched pairs. 0 records in RAM.
INFO	2023-02-28 02:07:21	MarkDuplicates	Read     5.000.000 records.  Elapsed time: 00:00:14s.  Time for last 1.000.000:    2s.  Last read position: 11:43.646.141
INFO	2023-02-28 02:07:21	MarkDuplicates	Tracking 0 as yet unmatched pairs. 0 records in RAM.
INFO	2023-02-28 02:07:23	MarkDuplicates	Read     6.000.000 records.  Elapsed time: 00:00:16s.  Time for last 1.000.000:    2s.  Last read position: 11:105.083.314
INFO	2023-02-28 02:07:23	MarkDuplicates	Tracking 0 as yet unmatched pairs. 0 records in RAM.
INFO	2023-02-28 02:07:26	MarkDuplicates	Read     7.000.000 records.  Elapsed time: 00:00:19s.  Time for last 1.000.000:    2s.  Last read position: 12:72.725.748
INFO	2023-02-28 02:07:26	MarkDuplicates	Tracking 2 as yet unmatched pairs. 2 records in RAM.
INFO	2023-02-28 02:07:31	MarkDuplicates	Read     8.000.000 records.  Elapsed time: 00:00:24s.  Time for last 1.000.000:    4s.  Last read position: 13:38.406.721
INFO	2023-02-28 02:07:31	MarkDuplicates	Tracking 2 as yet unmatched pairs. 2 records in RAM.
INFO	2023-02-28 02:07:33	MarkDuplicates	Read     9.000.000 records.  Elapsed time: 00:00:26s.  Time for last 1.000.000:    2s.  Last read position: 14:10.888.085
INFO	2023-02-28 02:07:33	MarkDuplicates	Tracking 0 as yet unmatched pairs. 0 records in RAM.
INFO	2023-02-28 02:07:36	MarkDuplicates	Read    10.000.000 records.  Elapsed time: 00:00:29s.  Time for last 1.000.000:    2s.  Last read position: 14:89.836.201
INFO	2023-02-28 02:07:36	MarkDuplicates	Tracking 0 as yet unmatched pairs. 0 records in RAM.
INFO	2023-02-28 02:07:39	MarkDuplicates	Read    11.000.000 records.  Elapsed time: 00:00:32s.  Time for last 1.000.000:    2s.  Last read position: 15:65.096.297
INFO	2023-02-28 02:07:39	MarkDuplicates	Tracking 0 as yet unmatched pairs. 0 records in RAM.
INFO	2023-02-28 02:07:42	MarkDuplicates	Read    12.000.000 records.  Elapsed time: 00:00:34s.  Time for last 1.000.000:    2s.  Last read position: 16:31.576.716
INFO	2023-02-28 02:07:42	MarkDuplicates	Tracking 0 as yet unmatched pairs. 0 records in RAM.
INFO	2023-02-28 02:07:45	MarkDuplicates	Read    13.000.000 records.  Elapsed time: 00:00:37s.  Time for last 1.000.000:    2s.  Last read position: 17:28.018.660
INFO	2023-02-28 02:07:45	MarkDuplicates	Tracking 2 as yet unmatched pairs. 2 records in RAM.
INFO	2023-02-28 02:07:47	MarkDuplicates	Read    14.000.000 records.  Elapsed time: 00:00:40s.  Time for last 1.000.000:    2s.  Last read position: 18:10.161.422
INFO	2023-02-28 02:07:47	MarkDuplicates	Tracking 2 as yet unmatched pairs. 2 records in RAM.
INFO	2023-02-28 02:07:53	MarkDuplicates	Read    15.000.000 records.  Elapsed time: 00:00:46s.  Time for last 1.000.000:    5s.  Last read position: 19:5.364.472
INFO	2023-02-28 02:07:53	MarkDuplicates	Tracking 2 as yet unmatched pairs. 2 records in RAM.
INFO	2023-02-28 02:07:59	MarkDuplicates	Read    16.000.000 records.  Elapsed time: 00:00:52s.  Time for last 1.000.000:    5s.  Last read position: 2:24.131.237
INFO	2023-02-28 02:07:59	MarkDuplicates	Tracking 0 as yet unmatched pairs. 0 records in RAM.
INFO	2023-02-28 02:08:02	MarkDuplicates	Read    17.000.000 records.  Elapsed time: 00:00:55s.  Time for last 1.000.000:    2s.  Last read position: 2:98.666.872
INFO	2023-02-28 02:08:02	MarkDuplicates	Tracking 11746 as yet unmatched pairs. 11746 records in RAM.
INFO	2023-02-28 02:08:04	MarkDuplicates	Read    18.000.000 records.  Elapsed time: 00:00:57s.  Time for last 1.000.000:    2s.  Last read position: 2:168.841.704
INFO	2023-02-28 02:08:04	MarkDuplicates	Tracking 4 as yet unmatched pairs. 4 records in RAM.
INFO	2023-02-28 02:08:07	MarkDuplicates	Read    19.000.000 records.  Elapsed time: 00:01:00s.  Time for last 1.000.000:    2s.  Last read position: 3:83.357.520
INFO	2023-02-28 02:08:07	MarkDuplicates	Tracking 2 as yet unmatched pairs. 2 records in RAM.
INFO	2023-02-28 02:08:10	MarkDuplicates	Read    20.000.000 records.  Elapsed time: 00:01:03s.  Time for last 1.000.000:    2s.  Last read position: 4:11.746.675
INFO	2023-02-28 02:08:10	MarkDuplicates	Tracking 2 as yet unmatched pairs. 2 records in RAM.
INFO	2023-02-28 02:08:13	MarkDuplicates	Read    21.000.000 records.  Elapsed time: 00:01:06s.  Time for last 1.000.000:    2s.  Last read position: 4:109.986.487
INFO	2023-02-28 02:08:13	MarkDuplicates	Tracking 2 as yet unmatched pairs. 2 records in RAM.
INFO	2023-02-28 02:08:16	MarkDuplicates	Read    22.000.000 records.  Elapsed time: 00:01:08s.  Time for last 1.000.000:    2s.  Last read position: 5:26.738.689
INFO	2023-02-28 02:08:16	MarkDuplicates	Tracking 0 as yet unmatched pairs. 0 records in RAM.
INFO	2023-02-28 02:08:18	MarkDuplicates	Read    23.000.000 records.  Elapsed time: 00:01:11s.  Time for last 1.000.000:    2s.  Last read position: 5:115.859.868
INFO	2023-02-28 02:08:18	MarkDuplicates	Tracking 0 as yet unmatched pairs. 0 records in RAM.
INFO	2023-02-28 02:08:22	MarkDuplicates	Read    24.000.000 records.  Elapsed time: 00:01:15s.  Time for last 1.000.000:    4s.  Last read position: 6:40.625.812
INFO	2023-02-28 02:08:22	MarkDuplicates	Tracking 0 as yet unmatched pairs. 0 records in RAM.
INFO	2023-02-28 02:08:25	MarkDuplicates	Read    25.000.000 records.  Elapsed time: 00:01:18s.  Time for last 1.000.000:    2s.  Last read position: 6:128.199.631
INFO	2023-02-28 02:08:25	MarkDuplicates	Tracking 0 as yet unmatched pairs. 0 records in RAM.
INFO	2023-02-28 02:08:28	MarkDuplicates	Read    26.000.000 records.  Elapsed time: 00:01:21s.  Time for last 1.000.000:    2s.  Last read position: 7:62.568.002
INFO	2023-02-28 02:08:28	MarkDuplicates	Tracking 2 as yet unmatched pairs. 2 records in RAM.
INFO	2023-02-28 02:08:31	MarkDuplicates	Read    27.000.000 records.  Elapsed time: 00:01:23s.  Time for last 1.000.000:    2s.  Last read position: 7:144.862.374
INFO	2023-02-28 02:08:31	MarkDuplicates	Tracking 4 as yet unmatched pairs. 4 records in RAM.
INFO	2023-02-28 02:08:33	MarkDuplicates	Read    28.000.000 records.  Elapsed time: 00:01:26s.  Time for last 1.000.000:    2s.  Last read position: 8:68.062.594
INFO	2023-02-28 02:08:33	MarkDuplicates	Tracking 2 as yet unmatched pairs. 2 records in RAM.
INFO	2023-02-28 02:08:36	MarkDuplicates	Read    29.000.000 records.  Elapsed time: 00:01:29s.  Time for last 1.000.000:    2s.  Last read position: 8:119.138.534
INFO	2023-02-28 02:08:36	MarkDuplicates	Tracking 2 as yet unmatched pairs. 2 records in RAM.
INFO	2023-02-28 02:08:39	MarkDuplicates	Read    30.000.000 records.  Elapsed time: 00:01:31s.  Time for last 1.000.000:    2s.  Last read position: 9:58.457.919
INFO	2023-02-28 02:08:39	MarkDuplicates	Tracking 2 as yet unmatched pairs. 2 records in RAM.
INFO	2023-02-28 02:08:41	MarkDuplicates	Read    31.000.000 records.  Elapsed time: 00:01:34s.  Time for last 1.000.000:    2s.  Last read position: X:39.899.149
INFO	2023-02-28 02:08:41	MarkDuplicates	Tracking 0 as yet unmatched pairs. 0 records in RAM.
INFO	2023-02-28 02:08:47	MarkDuplicates	Read 31731902 records. 0 pairs never matched.
INFO	2023-02-28 02:08:47	MarkDuplicates	After buildSortedReadEndLists freeMemory: 529265272; totalMemory: 536870912; maxMemory: 2147483648
INFO	2023-02-28 02:08:47	MarkDuplicates	Will retain up to 67108864 duplicate indices before spilling to disk.
INFO	2023-02-28 02:08:47	MarkDuplicates	Traversing read pair information and detecting duplicates.
INFO	2023-02-28 02:08:51	MarkDuplicates	Traversing fragment information and detecting duplicates.
INFO	2023-02-28 02:08:54	MarkDuplicates	Sorting list of duplicate records.
INFO	2023-02-28 02:08:55	MarkDuplicates	After generateDuplicateIndexes freeMemory: 528436208; totalMemory: 1073741824; maxMemory: 2147483648
INFO	2023-02-28 02:08:55	MarkDuplicates	Marking 3671518 records as duplicates.
INFO	2023-02-28 02:08:55	MarkDuplicates	Found 0 optical duplicate clusters.
INFO	2023-02-28 02:08:55	MarkDuplicates	Reads are assumed to be ordered by: coordinate
INFO	2023-02-28 02:10:20	MarkDuplicates	Written    10.000.000 records.  Elapsed time: 00:01:25s.  Time for last 10.000.000:   85s.  Last read position: 15:82.968.785
INFO	2023-02-28 02:11:46	MarkDuplicates	Written    20.000.000 records.  Elapsed time: 00:02:51s.  Time for last 10.000.000:   85s.  Last read position: 5:89.448.062
INFO	2023-02-28 02:13:00	MarkDuplicates	Writing complete. Closing input iterator.
INFO	2023-02-28 02:13:00	MarkDuplicates	Duplicate Index cleanup.
INFO	2023-02-28 02:13:00	MarkDuplicates	Getting Memory Stats.
INFO	2023-02-28 02:13:00	MarkDuplicates	Before output close freeMemory: 528685816; totalMemory: 536870912; maxMemory: 2147483648
INFO	2023-02-28 02:13:00	MarkDuplicates	Closed outputs. Getting more Memory Stats.
INFO	2023-02-28 02:13:00	MarkDuplicates	After output close freeMemory: 528685816; totalMemory: 536870912; maxMemory: 2147483648
[Tue Feb 28 02:13:00 CET 2023] picard.sam.markduplicates.MarkDuplicates done. Elapsed time: 5,89 minutes.
Runtime.totalMemory()=536870912
