

Sample label: SRR5479624
Sample size: 23948

Fragment lengths:
Min.: 32.0
1st Qu.: 135.0
Mean: 165.23738934357775
Median: 149.0
3rd Qu.: 170.0
Max.: 688.0
Std: 51.10125366373692
MAD: 16.0
Len. 10%: 124.0
Len. 20%: 132.0
Len. 30%: 139.0
Len. 40%: 145.0
Len. 60%: 154.0
Len. 70%: 163.0
Len. 80%: 184.0
Len. 90%: 252.0
Len. 99%: 324.0


Read lengths:
Sample size: 23948

Min.: 23.0
1st Qu.: 135.0
Mean: 140.39648404877235
Median: 148.0
3rd Qu.: 150.0
Max.: 150.0
Std: 14.63652427973774
MAD: 2.0
Len. 10%: 123.0
Len. 20%: 131.0
Len. 30%: 138.0
Len. 40%: 145.0
Len. 60%: 149.0
Len. 70%: 150.0
Len. 80%: 150.0
Len. 90%: 150.0
Len. 99%: 150.0

