22:47:36.316 INFO  NativeLibraryLoader - Loading libgkl_compression.dylib from jar:file:/Users/tamas.schauer/miniconda3/envs/env_chipseq_pipeline/share/picard-2.27.5-0/picard.jar!/com/intel/gkl/native/libgkl_compression.dylib
[Mon Feb 27 22:47:36 CET 2023] MarkDuplicates --INPUT Output/BAM/SRR5479624.filtered.bam --OUTPUT Output/BAM/SRR5479624.removeddup.bam --METRICS_FILE logs/SRR5479624_picard.out --REMOVE_DUPLICATES true --CREATE_INDEX true --MAX_SEQUENCES_FOR_DISK_READ_ENDS_MAP 50000 --MAX_FILE_HANDLES_FOR_READ_ENDS_MAP 8000 --SORTING_COLLECTION_SIZE_RATIO 0.25 --TAG_DUPLICATE_SET_MEMBERS false --REMOVE_SEQUENCING_DUPLICATES false --TAGGING_POLICY DontTag --CLEAR_DT true --DUPLEX_UMI false --FLOW_MODE false --FLOW_QUALITY_SUM_STRATEGY false --USE_END_IN_UNPAIRED_READS false --USE_UNPAIRED_CLIPPED_END false --UNPAIRED_END_UNCERTAINTY 0 --FLOW_SKIP_FIRST_N_FLOWS 0 --FLOW_Q_IS_KNOWN_END false --FLOW_EFFECTIVE_QUALITY_THRESHOLD 15 --ADD_PG_TAG_TO_READS true --ASSUME_SORTED false --DUPLICATE_SCORING_STRATEGY SUM_OF_BASE_QUALITIES --PROGRAM_RECORD_ID MarkDuplicates --PROGRAM_GROUP_NAME MarkDuplicates --READ_NAME_REGEX <optimized capture of last three ':' separated fields as numeric values> --OPTICAL_DUPLICATE_PIXEL_DISTANCE 100 --MAX_OPTICAL_DUPLICATE_SET_SIZE 300000 --VERBOSITY INFO --QUIET false --VALIDATION_STRINGENCY STRICT --COMPRESSION_LEVEL 5 --MAX_RECORDS_IN_RAM 500000 --CREATE_MD5_FILE false --GA4GH_CLIENT_SECRETS client_secrets.json --help false --version false --showHidden false --USE_JDK_DEFLATER false --USE_JDK_INFLATER false
[Mon Feb 27 22:47:36 CET 2023] Executing as tamas.schauer@MC084999 on Mac OS X 12.6.3 x86_64; OpenJDK 64-Bit Server VM 17.0.3+7-LTS; Deflater: Intel; Inflater: Intel; Provider GCS is not available; Picard version: Version:2.27.5
INFO	2023-02-27 22:47:36	MarkDuplicates	Start of doWork freeMemory: 529928944; totalMemory: 536870912; maxMemory: 2147483648
INFO	2023-02-27 22:47:36	MarkDuplicates	Reading input file and constructing read end information.
INFO	2023-02-27 22:47:36	MarkDuplicates	Will retain up to 7780737 data points before spilling to disk.
WARNING	2023-02-27 22:47:36	AbstractOpticalDuplicateFinderCommandLineProgram	A field field parsed out of a read name was expected to contain an integer and did not. Read name: SRR5479624.9973427. Cause: String 'SRR5479624.9973427' did not start with a parsable number.
INFO	2023-02-27 22:47:41	MarkDuplicates	Read     1.000.000 records.  Elapsed time: 00:00:04s.  Time for last 1.000.000:    4s.  Last read position: 1:53.555.643
INFO	2023-02-27 22:47:41	MarkDuplicates	Tracking 2 as yet unmatched pairs. 2 records in RAM.
INFO	2023-02-27 22:47:44	MarkDuplicates	Read     2.000.000 records.  Elapsed time: 00:00:08s.  Time for last 1.000.000:    3s.  Last read position: 1:102.147.798
INFO	2023-02-27 22:47:44	MarkDuplicates	Tracking 2 as yet unmatched pairs. 2 records in RAM.
INFO	2023-02-27 22:47:48	MarkDuplicates	Read     3.000.000 records.  Elapsed time: 00:00:12s.  Time for last 1.000.000:    3s.  Last read position: 1:159.208.052
INFO	2023-02-27 22:47:48	MarkDuplicates	Tracking 0 as yet unmatched pairs. 0 records in RAM.
INFO	2023-02-27 22:47:52	MarkDuplicates	Read     4.000.000 records.  Elapsed time: 00:00:16s.  Time for last 1.000.000:    3s.  Last read position: 10:7.067.896
INFO	2023-02-27 22:47:52	MarkDuplicates	Tracking 2 as yet unmatched pairs. 2 records in RAM.
INFO	2023-02-27 22:47:56	MarkDuplicates	Read     5.000.000 records.  Elapsed time: 00:00:19s.  Time for last 1.000.000:    3s.  Last read position: 10:58.915.352
INFO	2023-02-27 22:47:56	MarkDuplicates	Tracking 2 as yet unmatched pairs. 2 records in RAM.
INFO	2023-02-27 22:48:00	MarkDuplicates	Read     6.000.000 records.  Elapsed time: 00:00:23s.  Time for last 1.000.000:    3s.  Last read position: 10:100.060.054
INFO	2023-02-27 22:48:00	MarkDuplicates	Tracking 2 as yet unmatched pairs. 2 records in RAM.
INFO	2023-02-27 22:48:03	MarkDuplicates	Read     7.000.000 records.  Elapsed time: 00:00:27s.  Time for last 1.000.000:    3s.  Last read position: 11:20.182.358
INFO	2023-02-27 22:48:03	MarkDuplicates	Tracking 2 as yet unmatched pairs. 2 records in RAM.
INFO	2023-02-27 22:48:10	MarkDuplicates	Read     8.000.000 records.  Elapsed time: 00:00:33s.  Time for last 1.000.000:    6s.  Last read position: 11:65.190.519
INFO	2023-02-27 22:48:10	MarkDuplicates	Tracking 0 as yet unmatched pairs. 0 records in RAM.
INFO	2023-02-27 22:48:14	MarkDuplicates	Read     9.000.000 records.  Elapsed time: 00:00:37s.  Time for last 1.000.000:    3s.  Last read position: 11:108.972.503
INFO	2023-02-27 22:48:14	MarkDuplicates	Tracking 4 as yet unmatched pairs. 4 records in RAM.
INFO	2023-02-27 22:48:17	MarkDuplicates	Read    10.000.000 records.  Elapsed time: 00:00:41s.  Time for last 1.000.000:    3s.  Last read position: 12:27.238.163
INFO	2023-02-27 22:48:17	MarkDuplicates	Tracking 4 as yet unmatched pairs. 4 records in RAM.
INFO	2023-02-27 22:48:21	MarkDuplicates	Read    11.000.000 records.  Elapsed time: 00:00:45s.  Time for last 1.000.000:    4s.  Last read position: 12:81.894.988
INFO	2023-02-27 22:48:21	MarkDuplicates	Tracking 0 as yet unmatched pairs. 0 records in RAM.
INFO	2023-02-27 22:48:26	MarkDuplicates	Read    12.000.000 records.  Elapsed time: 00:00:49s.  Time for last 1.000.000:    4s.  Last read position: 13:6.841.002
INFO	2023-02-27 22:48:26	MarkDuplicates	Tracking 2 as yet unmatched pairs. 2 records in RAM.
INFO	2023-02-27 22:48:30	MarkDuplicates	Read    13.000.000 records.  Elapsed time: 00:00:53s.  Time for last 1.000.000:    3s.  Last read position: 13:51.410.998
INFO	2023-02-27 22:48:30	MarkDuplicates	Tracking 2 as yet unmatched pairs. 2 records in RAM.
INFO	2023-02-27 22:48:33	MarkDuplicates	Read    14.000.000 records.  Elapsed time: 00:00:57s.  Time for last 1.000.000:    3s.  Last read position: 13:97.202.575
INFO	2023-02-27 22:48:33	MarkDuplicates	Tracking 0 as yet unmatched pairs. 0 records in RAM.
INFO	2023-02-27 22:48:37	MarkDuplicates	Read    15.000.000 records.  Elapsed time: 00:01:01s.  Time for last 1.000.000:    3s.  Last read position: 14:28.236.923
INFO	2023-02-27 22:48:37	MarkDuplicates	Tracking 2 as yet unmatched pairs. 2 records in RAM.
INFO	2023-02-27 22:48:45	MarkDuplicates	Read    16.000.000 records.  Elapsed time: 00:01:09s.  Time for last 1.000.000:    8s.  Last read position: 14:72.502.863
INFO	2023-02-27 22:48:45	MarkDuplicates	Tracking 0 as yet unmatched pairs. 0 records in RAM.
INFO	2023-02-27 22:48:49	MarkDuplicates	Read    17.000.000 records.  Elapsed time: 00:01:13s.  Time for last 1.000.000:    3s.  Last read position: 15:8.814.596
INFO	2023-02-27 22:48:49	MarkDuplicates	Tracking 4 as yet unmatched pairs. 4 records in RAM.
INFO	2023-02-27 22:48:53	MarkDuplicates	Read    18.000.000 records.  Elapsed time: 00:01:16s.  Time for last 1.000.000:    3s.  Last read position: 15:65.750.811
INFO	2023-02-27 22:48:53	MarkDuplicates	Tracking 4 as yet unmatched pairs. 4 records in RAM.
INFO	2023-02-27 22:48:57	MarkDuplicates	Read    19.000.000 records.  Elapsed time: 00:01:20s.  Time for last 1.000.000:    3s.  Last read position: 15:101.560.576
INFO	2023-02-27 22:48:57	MarkDuplicates	Tracking 2 as yet unmatched pairs. 2 records in RAM.
INFO	2023-02-27 22:49:01	MarkDuplicates	Read    20.000.000 records.  Elapsed time: 00:01:24s.  Time for last 1.000.000:    3s.  Last read position: 16:47.478.334
INFO	2023-02-27 22:49:01	MarkDuplicates	Tracking 0 as yet unmatched pairs. 0 records in RAM.
INFO	2023-02-27 22:49:05	MarkDuplicates	Read    21.000.000 records.  Elapsed time: 00:01:28s.  Time for last 1.000.000:    4s.  Last read position: 17:7.809.341
INFO	2023-02-27 22:49:05	MarkDuplicates	Tracking 0 as yet unmatched pairs. 0 records in RAM.
INFO	2023-02-27 22:49:09	MarkDuplicates	Read    22.000.000 records.  Elapsed time: 00:01:32s.  Time for last 1.000.000:    3s.  Last read position: 17:48.701.384
INFO	2023-02-27 22:49:09	MarkDuplicates	Tracking 0 as yet unmatched pairs. 0 records in RAM.
INFO	2023-02-27 22:49:12	MarkDuplicates	Read    23.000.000 records.  Elapsed time: 00:01:36s.  Time for last 1.000.000:    3s.  Last read position: 17:91.921.758
INFO	2023-02-27 22:49:12	MarkDuplicates	Tracking 2 as yet unmatched pairs. 2 records in RAM.
INFO	2023-02-27 22:49:18	MarkDuplicates	Read    24.000.000 records.  Elapsed time: 00:01:42s.  Time for last 1.000.000:    5s.  Last read position: 18:50.322.034
INFO	2023-02-27 22:49:18	MarkDuplicates	Tracking 2 as yet unmatched pairs. 2 records in RAM.
INFO	2023-02-27 22:49:22	MarkDuplicates	Read    25.000.000 records.  Elapsed time: 00:01:45s.  Time for last 1.000.000:    3s.  Last read position: 19:5.448.434
INFO	2023-02-27 22:49:22	MarkDuplicates	Tracking 2 as yet unmatched pairs. 2 records in RAM.
INFO	2023-02-27 22:49:26	MarkDuplicates	Read    26.000.000 records.  Elapsed time: 00:01:49s.  Time for last 1.000.000:    3s.  Last read position: 19:52.378.142
INFO	2023-02-27 22:49:26	MarkDuplicates	Tracking 2 as yet unmatched pairs. 2 records in RAM.
INFO	2023-02-27 22:49:29	MarkDuplicates	Read    27.000.000 records.  Elapsed time: 00:01:53s.  Time for last 1.000.000:    3s.  Last read position: 2:35.917.106
INFO	2023-02-27 22:49:29	MarkDuplicates	Tracking 0 as yet unmatched pairs. 0 records in RAM.
INFO	2023-02-27 22:49:33	MarkDuplicates	Read    28.000.000 records.  Elapsed time: 00:01:57s.  Time for last 1.000.000:    3s.  Last read position: 2:92.592.125
INFO	2023-02-27 22:49:33	MarkDuplicates	Tracking 0 as yet unmatched pairs. 0 records in RAM.
INFO	2023-02-27 22:49:37	MarkDuplicates	Read    29.000.000 records.  Elapsed time: 00:02:00s.  Time for last 1.000.000:    3s.  Last read position: 2:128.456.666
INFO	2023-02-27 22:49:37	MarkDuplicates	Tracking 2 as yet unmatched pairs. 2 records in RAM.
INFO	2023-02-27 22:49:41	MarkDuplicates	Read    30.000.000 records.  Elapsed time: 00:02:04s.  Time for last 1.000.000:    3s.  Last read position: 2:171.364.768
INFO	2023-02-27 22:49:41	MarkDuplicates	Tracking 0 as yet unmatched pairs. 0 records in RAM.
INFO	2023-02-27 22:49:45	MarkDuplicates	Read    31.000.000 records.  Elapsed time: 00:02:08s.  Time for last 1.000.000:    3s.  Last read position: 3:37.607.150
INFO	2023-02-27 22:49:45	MarkDuplicates	Tracking 2 as yet unmatched pairs. 2 records in RAM.
INFO	2023-02-27 22:49:53	MarkDuplicates	Read    32.000.000 records.  Elapsed time: 00:02:16s.  Time for last 1.000.000:    8s.  Last read position: 3:92.346.677
INFO	2023-02-27 22:49:53	MarkDuplicates	Tracking 0 as yet unmatched pairs. 0 records in RAM.
INFO	2023-02-27 22:49:56	MarkDuplicates	Read    33.000.000 records.  Elapsed time: 00:02:20s.  Time for last 1.000.000:    3s.  Last read position: 3:143.941.265
INFO	2023-02-27 22:49:56	MarkDuplicates	Tracking 0 as yet unmatched pairs. 0 records in RAM.
INFO	2023-02-27 22:50:00	MarkDuplicates	Read    34.000.000 records.  Elapsed time: 00:02:24s.  Time for last 1.000.000:    3s.  Last read position: 4:39.392.934
INFO	2023-02-27 22:50:00	MarkDuplicates	Tracking 8 as yet unmatched pairs. 8 records in RAM.
INFO	2023-02-27 22:50:04	MarkDuplicates	Read    35.000.000 records.  Elapsed time: 00:02:27s.  Time for last 1.000.000:    3s.  Last read position: 4:94.504.390
INFO	2023-02-27 22:50:04	MarkDuplicates	Tracking 0 as yet unmatched pairs. 0 records in RAM.
INFO	2023-02-27 22:50:08	MarkDuplicates	Read    36.000.000 records.  Elapsed time: 00:02:31s.  Time for last 1.000.000:    4s.  Last read position: 4:138.482.461
INFO	2023-02-27 22:50:08	MarkDuplicates	Tracking 2 as yet unmatched pairs. 2 records in RAM.
INFO	2023-02-27 22:50:12	MarkDuplicates	Read    37.000.000 records.  Elapsed time: 00:02:36s.  Time for last 1.000.000:    4s.  Last read position: 5:28.766.865
INFO	2023-02-27 22:50:12	MarkDuplicates	Tracking 2 as yet unmatched pairs. 2 records in RAM.
INFO	2023-02-27 22:50:16	MarkDuplicates	Read    38.000.000 records.  Elapsed time: 00:02:39s.  Time for last 1.000.000:    3s.  Last read position: 5:77.409.880
INFO	2023-02-27 22:50:16	MarkDuplicates	Tracking 6 as yet unmatched pairs. 6 records in RAM.
INFO	2023-02-27 22:50:22	MarkDuplicates	Read    39.000.000 records.  Elapsed time: 00:02:45s.  Time for last 1.000.000:    5s.  Last read position: 5:121.024.982
INFO	2023-02-27 22:50:22	MarkDuplicates	Tracking 2 as yet unmatched pairs. 2 records in RAM.
INFO	2023-02-27 22:50:26	MarkDuplicates	Read    40.000.000 records.  Elapsed time: 00:02:49s.  Time for last 1.000.000:    4s.  Last read position: 6:8.129.848
INFO	2023-02-27 22:50:26	MarkDuplicates	Tracking 4 as yet unmatched pairs. 4 records in RAM.
INFO	2023-02-27 22:50:30	MarkDuplicates	Read    41.000.000 records.  Elapsed time: 00:02:53s.  Time for last 1.000.000:    3s.  Last read position: 6:52.528.607
INFO	2023-02-27 22:50:30	MarkDuplicates	Tracking 0 as yet unmatched pairs. 0 records in RAM.
INFO	2023-02-27 22:50:33	MarkDuplicates	Read    42.000.000 records.  Elapsed time: 00:02:57s.  Time for last 1.000.000:    3s.  Last read position: 6:96.165.530
INFO	2023-02-27 22:50:33	MarkDuplicates	Tracking 0 as yet unmatched pairs. 0 records in RAM.
INFO	2023-02-27 22:50:37	MarkDuplicates	Read    43.000.000 records.  Elapsed time: 00:03:01s.  Time for last 1.000.000:    3s.  Last read position: 6:135.817.204
INFO	2023-02-27 22:50:37	MarkDuplicates	Tracking 0 as yet unmatched pairs. 0 records in RAM.
INFO	2023-02-27 22:50:41	MarkDuplicates	Read    44.000.000 records.  Elapsed time: 00:03:04s.  Time for last 1.000.000:    3s.  Last read position: 7:35.931.686
INFO	2023-02-27 22:50:41	MarkDuplicates	Tracking 0 as yet unmatched pairs. 0 records in RAM.
INFO	2023-02-27 22:50:45	MarkDuplicates	Read    45.000.000 records.  Elapsed time: 00:03:08s.  Time for last 1.000.000:    3s.  Last read position: 7:82.147.181
INFO	2023-02-27 22:50:45	MarkDuplicates	Tracking 2 as yet unmatched pairs. 2 records in RAM.
INFO	2023-02-27 22:50:49	MarkDuplicates	Read    46.000.000 records.  Elapsed time: 00:03:12s.  Time for last 1.000.000:    3s.  Last read position: 7:129.325.388
INFO	2023-02-27 22:50:49	MarkDuplicates	Tracking 2 as yet unmatched pairs. 2 records in RAM.
INFO	2023-02-27 22:50:57	MarkDuplicates	Read    47.000.000 records.  Elapsed time: 00:03:20s.  Time for last 1.000.000:    7s.  Last read position: 8:14.868.627
INFO	2023-02-27 22:50:57	MarkDuplicates	Tracking 2 as yet unmatched pairs. 2 records in RAM.
INFO	2023-02-27 22:51:00	MarkDuplicates	Read    48.000.000 records.  Elapsed time: 00:03:24s.  Time for last 1.000.000:    3s.  Last read position: 8:48.180.761
INFO	2023-02-27 22:51:00	MarkDuplicates	Tracking 2 as yet unmatched pairs. 2 records in RAM.
INFO	2023-02-27 22:51:04	MarkDuplicates	Read    49.000.000 records.  Elapsed time: 00:03:28s.  Time for last 1.000.000:    3s.  Last read position: 8:88.074.893
INFO	2023-02-27 22:51:04	MarkDuplicates	Tracking 2 as yet unmatched pairs. 2 records in RAM.
INFO	2023-02-27 22:51:08	MarkDuplicates	Read    50.000.000 records.  Elapsed time: 00:03:31s.  Time for last 1.000.000:    3s.  Last read position: 8:116.205.318
INFO	2023-02-27 22:51:08	MarkDuplicates	Tracking 2 as yet unmatched pairs. 2 records in RAM.
INFO	2023-02-27 22:51:12	MarkDuplicates	Read    51.000.000 records.  Elapsed time: 00:03:35s.  Time for last 1.000.000:    3s.  Last read position: 9:20.179.595
INFO	2023-02-27 22:51:12	MarkDuplicates	Tracking 4 as yet unmatched pairs. 4 records in RAM.
INFO	2023-02-27 22:51:16	MarkDuplicates	Read    52.000.000 records.  Elapsed time: 00:03:39s.  Time for last 1.000.000:    3s.  Last read position: 9:59.656.623
INFO	2023-02-27 22:51:16	MarkDuplicates	Tracking 2 as yet unmatched pairs. 2 records in RAM.
INFO	2023-02-27 22:51:20	MarkDuplicates	Read    53.000.000 records.  Elapsed time: 00:03:43s.  Time for last 1.000.000:    3s.  Last read position: 9:105.961.653
INFO	2023-02-27 22:51:20	MarkDuplicates	Tracking 4 as yet unmatched pairs. 4 records in RAM.
INFO	2023-02-27 22:51:24	MarkDuplicates	Read    54.000.000 records.  Elapsed time: 00:03:47s.  Time for last 1.000.000:    4s.  Last read position: X:65.115.668
INFO	2023-02-27 22:51:24	MarkDuplicates	Tracking 2 as yet unmatched pairs. 2 records in RAM.
INFO	2023-02-27 22:51:29	MarkDuplicates	Read 54990276 records. 0 pairs never matched.
INFO	2023-02-27 22:51:31	MarkDuplicates	After buildSortedReadEndLists freeMemory: 529257216; totalMemory: 536870912; maxMemory: 2147483648
INFO	2023-02-27 22:51:31	MarkDuplicates	Will retain up to 67108864 duplicate indices before spilling to disk.
INFO	2023-02-27 22:51:31	MarkDuplicates	Traversing read pair information and detecting duplicates.
INFO	2023-02-27 22:51:39	MarkDuplicates	Traversing fragment information and detecting duplicates.
INFO	2023-02-27 22:51:47	MarkDuplicates	Sorting list of duplicate records.
INFO	2023-02-27 22:51:48	MarkDuplicates	After generateDuplicateIndexes freeMemory: 528401992; totalMemory: 1073741824; maxMemory: 2147483648
INFO	2023-02-27 22:51:48	MarkDuplicates	Marking 14272612 records as duplicates.
INFO	2023-02-27 22:51:48	MarkDuplicates	Found 0 optical duplicate clusters.
INFO	2023-02-27 22:51:48	MarkDuplicates	Reads are assumed to be ordered by: coordinate
INFO	2023-02-27 22:53:18	MarkDuplicates	Written    10.000.000 records.  Elapsed time: 00:01:30s.  Time for last 10.000.000:   90s.  Last read position: 13:70.674.875
INFO	2023-02-27 22:54:48	MarkDuplicates	Written    20.000.000 records.  Elapsed time: 00:03:00s.  Time for last 10.000.000:   89s.  Last read position: 2:33.017.159
INFO	2023-02-27 22:56:19	MarkDuplicates	Written    30.000.000 records.  Elapsed time: 00:04:30s.  Time for last 10.000.000:   90s.  Last read position: 6:35.794.647
INFO	2023-02-27 22:57:48	MarkDuplicates	Written    40.000.000 records.  Elapsed time: 00:06:00s.  Time for last 10.000.000:   89s.  Last read position: X:69.024.728
INFO	2023-02-27 22:57:55	MarkDuplicates	Writing complete. Closing input iterator.
INFO	2023-02-27 22:57:55	MarkDuplicates	Duplicate Index cleanup.
INFO	2023-02-27 22:57:55	MarkDuplicates	Getting Memory Stats.
INFO	2023-02-27 22:57:55	MarkDuplicates	Before output close freeMemory: 528652728; totalMemory: 536870912; maxMemory: 2147483648
INFO	2023-02-27 22:57:55	MarkDuplicates	Closed outputs. Getting more Memory Stats.
INFO	2023-02-27 22:57:55	MarkDuplicates	After output close freeMemory: 528652728; totalMemory: 536870912; maxMemory: 2147483648
[Mon Feb 27 22:57:55 CET 2023] picard.sam.markduplicates.MarkDuplicates done. Elapsed time: 10,32 minutes.
Runtime.totalMemory()=536870912
