

Sample label: SRR5479623
Sample size: 22714

Fragment lengths:
Min.: 33.0
1st Qu.: 133.0
Mean: 170.104032755129
Median: 149.0
3rd Qu.: 181.0
Max.: 694.0
Std: 59.65567498946364
MAD: 20.0
Len. 10%: 120.0
Len. 20%: 130.0
Len. 30%: 137.0
Len. 40%: 145.0
Len. 60%: 156.0
Len. 70%: 169.0
Len. 80%: 209.0
Len. 90%: 272.0
Len. 99%: 345.0


Read lengths:
Sample size: 22714

Min.: 22.0
1st Qu.: 132.0
Mean: 139.0312142291098
Median: 148.0
3rd Qu.: 150.0
Max.: 150.0
Std: 16.411160249368578
MAD: 2.0
Len. 10%: 118.0
Len. 20%: 128.0
Len. 30%: 136.0
Len. 40%: 144.0
Len. 60%: 149.0
Len. 70%: 150.0
Len. 80%: 150.0
Len. 90%: 150.0
Len. 99%: 150.0

