Path to Cutadapt set as: 'cutadapt' (default)
Cutadapt seems to be working fine (tested command 'cutadapt --version')
Cutadapt version: 4.2
Cutadapt seems to be using Python 3! Proceeding with multi-core enabled Cutadapt using 8 cores
Parallel gzip (pigz) detected. Proceeding with multicore (de)compression using 8 cores

igzip detected. Using igzip for decompressing

No quality encoding type selected. Assuming that the data provided uses Sanger encoded Phred scores (default)



AUTO-DETECTING ADAPTER TYPE
===========================
Attempting to auto-detect adapter type from the first 1 million sequences of the first file (>> FastQ/SRR6956533_1.fastq.gz <<)

Found perfect matches for the following adapter sequences:
Adapter type	Count	Sequence	Sequences analysed	Percentage
Illumina	145651	AGATCGGAAGAGC	1000000	14.57
Nextera	578	CTGTCTCTTATA	1000000	0.06
smallRNA	1	TGGAATTCTCGG	1000000	0.00
Using Illumina adapter for trimming (count: 145651). Second best hit was Nextera (count: 578)

Writing report to 'SRR6956533_1.fastq.gz_trimming_report.txt'

SUMMARISING RUN PARAMETERS
==========================
Input filename: FastQ/SRR6956533_1.fastq.gz
Trimming mode: paired-end
Trim Galore version: 0.6.10
Cutadapt version: 4.2
Python version: 3.10.9
Number of cores used for trimming: 8
Quality Phred score cutoff: 28
Quality encoding type selected: ASCII+33
Adapter sequence: 'AGATCGGAAGAGC' (Illumina TruSeq, Sanger iPCR; auto-detected)
Maximum trimming error rate: 0.1 (default)
Minimum required adapter overlap (stringency): 1 bp
Minimum required sequence length for both reads before a sequence pair gets removed: 20 bp
Output file(s) will be GZIP compressed

Cutadapt seems to be fairly up-to-date (version 4.2). Setting -j 8
Writing final adapter and quality trimmed output to SRR6956533_1_trimmed.fq.gz


  >>> Now performing quality (cutoff '-q 28') and adapter trimming in a single pass for the adapter sequence: 'AGATCGGAAGAGC' from file FastQ/SRR6956533_1.fastq.gz <<< 
10000000 sequences processed
This is cutadapt 4.2 with Python 3.10.9
Command line parameters: -j 8 -e 0.1 -q 28 -O 1 -a AGATCGGAAGAGC FastQ/SRR6956533_1.fastq.gz
Processing single-end reads on 8 cores ...
Finished in 77.708 s (6.447 µs/read; 9.31 M reads/minute).

=== Summary ===

Total reads processed:              12,053,030
Reads with adapters:                 5,487,711 (45.5%)
Reads written (passing filters):    12,053,030 (100.0%)

Total basepairs processed: 1,807,954,500 bp
Quality-trimmed:             109,374,024 bp (6.0%)
Total written (filtered):  1,617,450,526 bp (89.5%)

=== Adapter 1 ===

Sequence: AGATCGGAAGAGC; Type: regular 3'; Length: 13; Trimmed: 5487711 times

Minimum overlap: 1
No. of allowed errors:
1-9 bp: 0; 10-13 bp: 1

Bases preceding removed adapters:
  A: 22.4%
  C: 54.3%
  G: 11.1%
  T: 12.1%
  none/other: 0.1%

Overview of removed sequences
length	count	expect	max.err	error counts
1	2575028	3013257.5	0	2575028
2	721322	753314.4	0	721322
3	242655	188328.6	0	242655
4	57614	47082.1	0	57614
5	31770	11770.5	0	31770
6	22761	2942.6	0	22761
7	27231	735.7	0	27231
8	21609	183.9	0	21609
9	21909	46.0	0	21532 377
10	27361	11.5	1	24877 2484
11	23901	2.9	1	21625 2276
12	26762	0.7	1	24224 2538
13	28354	0.2	1	25507 2847
14	25254	0.2	1	22813 2441
15	27203	0.2	1	24252 2951
16	24907	0.2	1	22310 2597
17	29738	0.2	1	26135 3603
18	30360	0.2	1	27176 3184
19	23387	0.2	1	21180 2207
20	28611	0.2	1	25576 3035
21	31757	0.2	1	28469 3288
22	34122	0.2	1	30691 3431
23	30223	0.2	1	27351 2872
24	31912	0.2	1	28650 3262
25	34038	0.2	1	30389 3649
26	26880	0.2	1	24427 2453
27	28502	0.2	1	25385 3117
28	38352	0.2	1	33282 5070
29	29147	0.2	1	25963 3184
30	31440	0.2	1	28429 3011
31	21980	0.2	1	20125 1855
32	29078	0.2	1	26449 2629
33	23762	0.2	1	21725 2037
34	28001	0.2	1	25076 2925
35	29392	0.2	1	25864 3528
36	44527	0.2	1	38446 6081
37	31169	0.2	1	27758 3411
38	20950	0.2	1	18774 2176
39	31485	0.2	1	27769 3716
40	30379	0.2	1	27054 3325
41	38668	0.2	1	34979 3689
42	16964	0.2	1	15283 1681
43	43407	0.2	1	40518 2889
44	3074	0.2	1	2716 358
45	5973	0.2	1	5324 649
46	11945	0.2	1	11015 930
47	14608	0.2	1	13445 1163
48	16643	0.2	1	15400 1243
49	13800	0.2	1	12747 1053
50	14938	0.2	1	13801 1137
51	18561	0.2	1	16875 1686
52	22776	0.2	1	20533 2243
53	25458	0.2	1	23488 1970
54	14999	0.2	1	13903 1096
55	20041	0.2	1	18359 1682
56	18017	0.2	1	16605 1412
57	16529	0.2	1	15229 1300
58	20691	0.2	1	19031 1660
59	19221	0.2	1	17676 1545
60	16571	0.2	1	15088 1483
61	25418	0.2	1	23137 2281
62	21827	0.2	1	20074 1753
63	20934	0.2	1	19136 1798
64	25570	0.2	1	23629 1941
65	17505	0.2	1	16166 1339
66	18139	0.2	1	16579 1560
67	24272	0.2	1	22280 1992
68	28109	0.2	1	25426 2683
69	52757	0.2	1	44318 8439
70	225044	0.2	1	215911 9133
71	10499	0.2	1	9759 740
72	1012	0.2	1	901 111
73	603	0.2	1	497 106
74	570	0.2	1	464 106
75	508	0.2	1	422 86
76	537	0.2	1	426 111
77	626	0.2	1	513 113
78	856	0.2	1	731 125
79	1086	0.2	1	946 140
80	1124	0.2	1	987 137
81	1080	0.2	1	923 157
82	887	0.2	1	752 135
83	581	0.2	1	491 90
84	420	0.2	1	327 93
85	373	0.2	1	286 87
86	362	0.2	1	286 76
87	350	0.2	1	273 77
88	330	0.2	1	255 75
89	349	0.2	1	250 99
90	301	0.2	1	213 88
91	283	0.2	1	206 77
92	297	0.2	1	216 81
93	257	0.2	1	179 78
94	272	0.2	1	200 72
95	234	0.2	1	167 67
96	238	0.2	1	176 62
97	257	0.2	1	184 73
98	244	0.2	1	184 60
99	207	0.2	1	152 55
100	215	0.2	1	152 63
101	210	0.2	1	161 49
102	218	0.2	1	151 67
103	215	0.2	1	154 61
104	220	0.2	1	153 67
105	197	0.2	1	135 62
106	194	0.2	1	135 59
107	189	0.2	1	130 59
108	172	0.2	1	124 48
109	174	0.2	1	118 56
110	191	0.2	1	131 60
111	178	0.2	1	131 47
112	185	0.2	1	132 53
113	193	0.2	1	136 57
114	205	0.2	1	153 52
115	192	0.2	1	136 56
116	166	0.2	1	127 39
117	144	0.2	1	108 36
118	116	0.2	1	81 35
119	102	0.2	1	76 26
120	98	0.2	1	74 24
121	81	0.2	1	54 27
122	89	0.2	1	65 24
123	82	0.2	1	54 28
124	63	0.2	1	40 23
125	84	0.2	1	60 24
126	85	0.2	1	57 28
127	61	0.2	1	45 16
128	74	0.2	1	63 11
129	60	0.2	1	45 15
130	50	0.2	1	39 11
131	27	0.2	1	19 8
132	30	0.2	1	22 8
133	36	0.2	1	26 10
134	48	0.2	1	31 17
135	27	0.2	1	15 12
136	35	0.2	1	21 14
137	24	0.2	1	11 13
138	31	0.2	1	16 15
139	31	0.2	1	21 10
140	38	0.2	1	21 17
141	49	0.2	1	35 14
142	66	0.2	1	55 11
143	72	0.2	1	56 16
144	27	0.2	1	11 16
145	25	0.2	1	6 19
146	30	0.2	1	9 21
147	26	0.2	1	5 21
148	64	0.2	1	16 48
149	95	0.2	1	8 87
150	392	0.2	1	3 389

RUN STATISTICS FOR INPUT FILE: FastQ/SRR6956533_1.fastq.gz
=============================================
12053030 sequences processed in total
The length threshold of paired-end sequences gets evaluated later on (in the validation step)

Writing report to 'SRR6956533_2.fastq.gz_trimming_report.txt'

SUMMARISING RUN PARAMETERS
==========================
Input filename: FastQ/SRR6956533_2.fastq.gz
Trimming mode: paired-end
Trim Galore version: 0.6.10
Cutadapt version: 4.2
Python version: 3.10.9
Number of cores used for trimming: 8
Quality Phred score cutoff: 28
Quality encoding type selected: ASCII+33
Adapter sequence: 'AGATCGGAAGAGC' (Illumina TruSeq, Sanger iPCR; auto-detected)
Maximum trimming error rate: 0.1 (default)
Minimum required adapter overlap (stringency): 1 bp
Minimum required sequence length for both reads before a sequence pair gets removed: 20 bp
Output file(s) will be GZIP compressed

Cutadapt seems to be fairly up-to-date (version 4.2). Setting -j -j 8
Writing final adapter and quality trimmed output to SRR6956533_2_trimmed.fq.gz


  >>> Now performing quality (cutoff '-q 28') and adapter trimming in a single pass for the adapter sequence: 'AGATCGGAAGAGC' from file FastQ/SRR6956533_2.fastq.gz <<< 
10000000 sequences processed
This is cutadapt 4.2 with Python 3.10.9
Command line parameters: -j 8 -e 0.1 -q 28 -O 1 -a AGATCGGAAGAGC FastQ/SRR6956533_2.fastq.gz
Processing single-end reads on 8 cores ...
Finished in 69.165 s (5.738 µs/read; 10.46 M reads/minute).

=== Summary ===

Total reads processed:              12,053,030
Reads with adapters:                 5,126,790 (42.5%)
Reads written (passing filters):    12,053,030 (100.0%)

Total basepairs processed: 1,807,954,500 bp
Quality-trimmed:             447,896,544 bp (24.8%)
Total written (filtered):  1,261,806,686 bp (69.8%)

=== Adapter 1 ===

Sequence: AGATCGGAAGAGC; Type: regular 3'; Length: 13; Trimmed: 5126790 times

Minimum overlap: 1
No. of allowed errors:
1-9 bp: 0; 10-13 bp: 1

Bases preceding removed adapters:
  A: 39.7%
  C: 16.7%
  G: 12.3%
  T: 31.0%
  none/other: 0.2%

Overview of removed sequences
length	count	expect	max.err	error counts
1	1906766	3013257.5	0	1906766
2	627400	753314.4	0	627400
3	164471	188328.6	0	164471
4	43806	47082.1	0	43806
5	28627	11770.5	0	28627
6	27714	2942.6	0	27714
7	41857	735.7	0	41857
8	31795	183.9	0	31795
9	28244	46.0	0	27630 614
10	46113	11.5	1	44232 1881
11	24027	2.9	1	22634 1393
12	42736	0.7	1	40540 2196
13	34107	0.2	1	31378 2729
14	110794	0.2	1	106875 3919
15	15670	0.2	1	14828 842
16	29891	0.2	1	28387 1504
17	48106	0.2	1	46629 1477
18	10513	0.2	1	9782 731
19	38540	0.2	1	37203 1337
20	13474	0.2	1	12793 681
21	17602	0.2	1	16887 715
22	28604	0.2	1	27256 1348
23	40348	0.2	1	37631 2717
24	77517	0.2	1	73881 3636
25	24757	0.2	1	23519 1238
26	28325	0.2	1	27034 1291
27	22641	0.2	1	21469 1172
28	41527	0.2	1	39812 1715
29	23674	0.2	1	22268 1406
30	73455	0.2	1	70878 2577
31	10065	0.2	1	9364 701
32	35391	0.2	1	34013 1378
33	20544	0.2	1	19631 913
34	22988	0.2	1	21913 1075
35	35280	0.2	1	33822 1458
36	27857	0.2	1	26719 1138
37	22345	0.2	1	21211 1134
38	29563	0.2	1	28331 1232
39	18815	0.2	1	17919 896
40	21604	0.2	1	20469 1135
41	28062	0.2	1	26301 1761
42	62556	0.2	1	60341 2215
43	14015	0.2	1	13269 746
44	29434	0.2	1	27828 1606
45	59955	0.2	1	58202 1753
46	15020	0.2	1	14380 640
47	14053	0.2	1	13339 714
48	30678	0.2	1	29602 1076
49	24840	0.2	1	23954 886
50	22777	0.2	1	21466 1311
51	74053	0.2	1	72532 1521
52	5939	0.2	1	5628 311
53	13898	0.2	1	13526 372
54	8870	0.2	1	8484 386
55	21335	0.2	1	20708 627
56	21673	0.2	1	20999 674
57	20937	0.2	1	20219 718
58	19360	0.2	1	18636 724
59	22503	0.2	1	21592 911
60	26137	0.2	1	24839 1298
61	31696	0.2	1	29840 1856
62	39027	0.2	1	36515 2512
63	76407	0.2	1	66082 10325
64	438206	0.2	1	431122 7084
65	11120	0.2	1	10521 599
66	2357	0.2	1	2231 126
67	2186	0.2	1	2065 121
68	2231	0.2	1	2088 143
69	2343	0.2	1	2215 128
70	2123	0.2	1	1996 127
71	2645	0.2	1	2508 137
72	4975	0.2	1	4747 228
73	4799	0.2	1	4572 227
74	5757	0.2	1	5525 232
75	5132	0.2	1	4955 177
76	4228	0.2	1	4089 139
77	2535	0.2	1	2441 94
78	1651	0.2	1	1575 76
79	1361	0.2	1	1297 64
80	1078	0.2	1	1026 52
81	955	0.2	1	890 65
82	637	0.2	1	588 49
83	587	0.2	1	560 27
84	474	0.2	1	435 39
85	361	0.2	1	319 42
86	350	0.2	1	321 29
87	344	0.2	1	302 42
88	400	0.2	1	366 34
89	294	0.2	1	264 30
90	262	0.2	1	237 25
91	211	0.2	1	189 22
92	165	0.2	1	134 31
93	167	0.2	1	146 21
94	135	0.2	1	102 33
95	134	0.2	1	100 34
96	123	0.2	1	103 20
97	124	0.2	1	102 22
98	115	0.2	1	91 24
99	124	0.2	1	100 24
100	122	0.2	1	92 30
101	138	0.2	1	111 27
102	176	0.2	1	142 34
103	292	0.2	1	252 40
104	260	0.2	1	237 23
105	339	0.2	1	306 33
106	276	0.2	1	253 23
107	228	0.2	1	202 26
108	167	0.2	1	143 24
109	129	0.2	1	107 22
110	131	0.2	1	107 24
111	121	0.2	1	97 24
112	154	0.2	1	123 31
113	124	0.2	1	93 31
114	125	0.2	1	99 26
115	103	0.2	1	73 30
116	81	0.2	1	61 20
117	76	0.2	1	47 29
118	60	0.2	1	36 24
119	77	0.2	1	52 25
120	67	0.2	1	37 30
121	62	0.2	1	37 25
122	64	0.2	1	32 32
123	50	0.2	1	26 24
124	47	0.2	1	27 20
125	53	0.2	1	17 36
126	46	0.2	1	21 25
127	50	0.2	1	24 26
128	89	0.2	1	38 51
129	42	0.2	1	17 25
130	30	0.2	1	14 16
131	32	0.2	1	15 17
132	33	0.2	1	17 16
133	27	0.2	1	14 13
134	24	0.2	1	14 10
135	19	0.2	1	9 10
136	31	0.2	1	11 20
137	18	0.2	1	5 13
138	29	0.2	1	12 17
139	26	0.2	1	8 18
140	35	0.2	1	17 18
141	38	0.2	1	17 21
142	42	0.2	1	24 18
143	41	0.2	1	25 16
144	19	0.2	1	3 16
145	20	0.2	1	1 19
146	25	0.2	1	0 25
147	44	0.2	1	2 42
148	93	0.2	1	5 88
149	207	0.2	1	6 201
150	741	0.2	1	4 737

RUN STATISTICS FOR INPUT FILE: FastQ/SRR6956533_2.fastq.gz
=============================================
12053030 sequences processed in total
The length threshold of paired-end sequences gets evaluated later on (in the validation step)

Validate paired-end files SRR6956533_1_trimmed.fq.gz and SRR6956533_2_trimmed.fq.gz
file_1: SRR6956533_1_trimmed.fq.gz, file_2: SRR6956533_2_trimmed.fq.gz


>>>>> Now validing the length of the 2 paired-end infiles: SRR6956533_1_trimmed.fq.gz and SRR6956533_2_trimmed.fq.gz <<<<<
Writing validated paired-end Read 1 reads to SRR6956533_1_val_1.fq.gz
Writing validated paired-end Read 2 reads to SRR6956533_2_val_2.fq.gz

Total number of sequences analysed: 12053030

Number of sequence pairs removed because at least one read was shorter than the length cutoff (20 bp): 2063492 (17.12%)

Deleting both intermediate output files SRR6956533_1_trimmed.fq.gz and SRR6956533_2_trimmed.fq.gz

====================================================================================================

