

Sample label: SRR6956533
Sample size: 7844

Fragment lengths:
Min.: 27.0
1st Qu.: 139.0
Mean: 263.6584650688424
Median: 231.0
3rd Qu.: 361.25
Max.: 708.0
Std: 149.00213987864066
MAD: 106.0
Len. 10%: 96.0
Len. 20%: 126.0
Len. 30%: 153.0
Len. 40%: 183.0
Len. 60%: 294.0
Len. 70%: 340.0
Len. 80%: 390.0
Len. 90%: 483.0
Len. 99%: 650.0


Read lengths:
Sample size: 7844

Min.: 27.0
1st Qu.: 131.0
Mean: 135.3745537990821
Median: 149.0
3rd Qu.: 150.0
Max.: 150.0
Std: 26.19821465119394
MAD: 1.0
Len. 10%: 91.0
Len. 20%: 120.0
Len. 30%: 145.0
Len. 40%: 149.0
Len. 60%: 150.0
Len. 70%: 150.0
Len. 80%: 150.0
Len. 90%: 150.0
Len. 99%: 150.0

