01:14:44.944 INFO  NativeLibraryLoader - Loading libgkl_compression.dylib from jar:file:/Users/tamas.schauer/miniconda3/envs/env_chipseq_pipeline/share/picard-2.27.5-0/picard.jar!/com/intel/gkl/native/libgkl_compression.dylib
[Tue Feb 28 01:14:45 CET 2023] MarkDuplicates --INPUT Output/BAM/SRR6956533.filtered.bam --OUTPUT Output/BAM/SRR6956533.removeddup.bam --METRICS_FILE logs/SRR6956533_picard.out --REMOVE_DUPLICATES true --CREATE_INDEX true --MAX_SEQUENCES_FOR_DISK_READ_ENDS_MAP 50000 --MAX_FILE_HANDLES_FOR_READ_ENDS_MAP 8000 --SORTING_COLLECTION_SIZE_RATIO 0.25 --TAG_DUPLICATE_SET_MEMBERS false --REMOVE_SEQUENCING_DUPLICATES false --TAGGING_POLICY DontTag --CLEAR_DT true --DUPLEX_UMI false --FLOW_MODE false --FLOW_QUALITY_SUM_STRATEGY false --USE_END_IN_UNPAIRED_READS false --USE_UNPAIRED_CLIPPED_END false --UNPAIRED_END_UNCERTAINTY 0 --FLOW_SKIP_FIRST_N_FLOWS 0 --FLOW_Q_IS_KNOWN_END false --FLOW_EFFECTIVE_QUALITY_THRESHOLD 15 --ADD_PG_TAG_TO_READS true --ASSUME_SORTED false --DUPLICATE_SCORING_STRATEGY SUM_OF_BASE_QUALITIES --PROGRAM_RECORD_ID MarkDuplicates --PROGRAM_GROUP_NAME MarkDuplicates --READ_NAME_REGEX <optimized capture of last three ':' separated fields as numeric values> --OPTICAL_DUPLICATE_PIXEL_DISTANCE 100 --MAX_OPTICAL_DUPLICATE_SET_SIZE 300000 --VERBOSITY INFO --QUIET false --VALIDATION_STRINGENCY STRICT --COMPRESSION_LEVEL 5 --MAX_RECORDS_IN_RAM 500000 --CREATE_MD5_FILE false --GA4GH_CLIENT_SECRETS client_secrets.json --help false --version false --showHidden false --USE_JDK_DEFLATER false --USE_JDK_INFLATER false
[Tue Feb 28 01:14:45 CET 2023] Executing as tamas.schauer@MC084999 on Mac OS X 12.6.3 x86_64; OpenJDK 64-Bit Server VM 17.0.3+7-LTS; Deflater: Intel; Inflater: Intel; Provider GCS is not available; Picard version: Version:2.27.5
INFO	2023-02-28 01:14:45	MarkDuplicates	Start of doWork freeMemory: 529928464; totalMemory: 536870912; maxMemory: 2147483648
INFO	2023-02-28 01:14:45	MarkDuplicates	Reading input file and constructing read end information.
INFO	2023-02-28 01:14:45	MarkDuplicates	Will retain up to 7780737 data points before spilling to disk.
WARNING	2023-02-28 01:14:45	AbstractOpticalDuplicateFinderCommandLineProgram	A field field parsed out of a read name was expected to contain an integer and did not. Read name: SRR6956533.1988423. Cause: String 'SRR6956533.1988423' did not start with a parsable number.
INFO	2023-02-28 01:14:49	MarkDuplicates	Read     1.000.000 records.  Elapsed time: 00:00:04s.  Time for last 1.000.000:    4s.  Last read position: 1:120.532.146
INFO	2023-02-28 01:14:49	MarkDuplicates	Tracking 2 as yet unmatched pairs. 2 records in RAM.
INFO	2023-02-28 01:14:53	MarkDuplicates	Read     2.000.000 records.  Elapsed time: 00:00:07s.  Time for last 1.000.000:    3s.  Last read position: 10:81.080.465
INFO	2023-02-28 01:14:53	MarkDuplicates	Tracking 2 as yet unmatched pairs. 2 records in RAM.
INFO	2023-02-28 01:14:56	MarkDuplicates	Read     3.000.000 records.  Elapsed time: 00:00:11s.  Time for last 1.000.000:    3s.  Last read position: 11:93.960.539
INFO	2023-02-28 01:14:56	MarkDuplicates	Tracking 2 as yet unmatched pairs. 2 records in RAM.
INFO	2023-02-28 01:15:00	MarkDuplicates	Read     4.000.000 records.  Elapsed time: 00:00:15s.  Time for last 1.000.000:    3s.  Last read position: 13:14.160.695
INFO	2023-02-28 01:15:00	MarkDuplicates	Tracking 0 as yet unmatched pairs. 0 records in RAM.
INFO	2023-02-28 01:15:03	MarkDuplicates	Read     5.000.000 records.  Elapsed time: 00:00:18s.  Time for last 1.000.000:    3s.  Last read position: 14:60.980.620
INFO	2023-02-28 01:15:03	MarkDuplicates	Tracking 2 as yet unmatched pairs. 2 records in RAM.
INFO	2023-02-28 01:15:07	MarkDuplicates	Read     6.000.000 records.  Elapsed time: 00:00:22s.  Time for last 1.000.000:    3s.  Last read position: 15:102.552.080
INFO	2023-02-28 01:15:07	MarkDuplicates	Tracking 0 as yet unmatched pairs. 0 records in RAM.
INFO	2023-02-28 01:15:11	MarkDuplicates	Read     7.000.000 records.  Elapsed time: 00:00:26s.  Time for last 1.000.000:    3s.  Last read position: 17:65.810.303
INFO	2023-02-28 01:15:11	MarkDuplicates	Tracking 0 as yet unmatched pairs. 0 records in RAM.
INFO	2023-02-28 01:15:17	MarkDuplicates	Read     8.000.000 records.  Elapsed time: 00:00:32s.  Time for last 1.000.000:    5s.  Last read position: 19:41.552.405
INFO	2023-02-28 01:15:17	MarkDuplicates	Tracking 2 as yet unmatched pairs. 2 records in RAM.
INFO	2023-02-28 01:15:20	MarkDuplicates	Read     9.000.000 records.  Elapsed time: 00:00:35s.  Time for last 1.000.000:    3s.  Last read position: 2:135.295.476
INFO	2023-02-28 01:15:20	MarkDuplicates	Tracking 2 as yet unmatched pairs. 2 records in RAM.
INFO	2023-02-28 01:15:24	MarkDuplicates	Read    10.000.000 records.  Elapsed time: 00:00:39s.  Time for last 1.000.000:    3s.  Last read position: 3:122.620.012
INFO	2023-02-28 01:15:24	MarkDuplicates	Tracking 0 as yet unmatched pairs. 0 records in RAM.
INFO	2023-02-28 01:15:28	MarkDuplicates	Read    11.000.000 records.  Elapsed time: 00:00:42s.  Time for last 1.000.000:    3s.  Last read position: 4:137.604.425
INFO	2023-02-28 01:15:28	MarkDuplicates	Tracking 10 as yet unmatched pairs. 10 records in RAM.
INFO	2023-02-28 01:15:31	MarkDuplicates	Read    12.000.000 records.  Elapsed time: 00:00:46s.  Time for last 1.000.000:    3s.  Last read position: 5:135.916.769
INFO	2023-02-28 01:15:31	MarkDuplicates	Tracking 4 as yet unmatched pairs. 4 records in RAM.
INFO	2023-02-28 01:15:35	MarkDuplicates	Read    13.000.000 records.  Elapsed time: 00:00:50s.  Time for last 1.000.000:    3s.  Last read position: 7:5.183.276
INFO	2023-02-28 01:15:35	MarkDuplicates	Tracking 4 as yet unmatched pairs. 4 records in RAM.
INFO	2023-02-28 01:15:38	MarkDuplicates	Read    14.000.000 records.  Elapsed time: 00:00:53s.  Time for last 1.000.000:    3s.  Last read position: 8:24.056.841
INFO	2023-02-28 01:15:38	MarkDuplicates	Tracking 4 as yet unmatched pairs. 4 records in RAM.
INFO	2023-02-28 01:15:42	MarkDuplicates	Read    15.000.000 records.  Elapsed time: 00:00:57s.  Time for last 1.000.000:    3s.  Last read position: 9:11.719.062
INFO	2023-02-28 01:15:42	MarkDuplicates	Tracking 2 as yet unmatched pairs. 2 records in RAM.
INFO	2023-02-28 01:15:50	MarkDuplicates	Read    16.000.000 records.  Elapsed time: 00:01:05s.  Time for last 1.000.000:    7s.  Last read position: X:96.101.789
INFO	2023-02-28 01:15:50	MarkDuplicates	Tracking 0 as yet unmatched pairs. 0 records in RAM.
INFO	2023-02-28 01:15:50	MarkDuplicates	Read 16192192 records. 0 pairs never matched.
INFO	2023-02-28 01:15:51	MarkDuplicates	After buildSortedReadEndLists freeMemory: 529265032; totalMemory: 536870912; maxMemory: 2147483648
INFO	2023-02-28 01:15:51	MarkDuplicates	Will retain up to 67108864 duplicate indices before spilling to disk.
INFO	2023-02-28 01:15:51	MarkDuplicates	Traversing read pair information and detecting duplicates.
INFO	2023-02-28 01:15:54	MarkDuplicates	Traversing fragment information and detecting duplicates.
INFO	2023-02-28 01:15:57	MarkDuplicates	Sorting list of duplicate records.
INFO	2023-02-28 01:15:57	MarkDuplicates	After generateDuplicateIndexes freeMemory: 528456384; totalMemory: 1073741824; maxMemory: 2147483648
INFO	2023-02-28 01:15:57	MarkDuplicates	Marking 2382348 records as duplicates.
INFO	2023-02-28 01:15:57	MarkDuplicates	Found 0 optical duplicate clusters.
INFO	2023-02-28 01:15:57	MarkDuplicates	Reads are assumed to be ordered by: coordinate
INFO	2023-02-28 01:17:57	MarkDuplicates	Written    10.000.000 records.  Elapsed time: 00:02:00s.  Time for last 10.000.000:  120s.  Last read position: 5:105.926.852
INFO	2023-02-28 01:18:42	MarkDuplicates	Writing complete. Closing input iterator.
INFO	2023-02-28 01:18:42	MarkDuplicates	Duplicate Index cleanup.
INFO	2023-02-28 01:18:42	MarkDuplicates	Getting Memory Stats.
INFO	2023-02-28 01:18:43	MarkDuplicates	Before output close freeMemory: 528702072; totalMemory: 536870912; maxMemory: 2147483648
INFO	2023-02-28 01:18:43	MarkDuplicates	Closed outputs. Getting more Memory Stats.
INFO	2023-02-28 01:18:43	MarkDuplicates	After output close freeMemory: 528702072; totalMemory: 536870912; maxMemory: 2147483648
[Tue Feb 28 01:18:43 CET 2023] picard.sam.markduplicates.MarkDuplicates done. Elapsed time: 3,97 minutes.
Runtime.totalMemory()=536870912
